2021-09-07 11:53:35,968 [ 1] INFO  Unity: LoadingManager start
2021-09-07 11:53:35,976 [ 1] INFO  Unity: DataManager > DataManager()
2021-09-07 11:54:06,996 [ 1] INFO  Unity: UserLoginRequest::user :123 psw:123
2021-09-07 11:54:06,997 [ 1] INFO  Unity: ConnectToServer Start
2021-09-07 11:54:06,999 [ 1] INFO  Unity: DoConnect
2021-09-07 11:54:07,000 [ 1] INFO  Unity: NetClient.DoConnect on 127.0.0.1:8000
2021-09-07 11:54:07,001 [ 1] INFO  Unity: Connect[0] to server 127.0.0.1:8000

2021-09-07 11:54:09,008 [ 1] WARN  Unity: CloseConnection(), errorCode: 1005

2021-09-07 11:54:09,011 [ 1] ERROR Unity: DoConnect SocketException:[10061,ConnectionRefused,10061]System.Net.Sockets.SocketException: 由于目标计算机积极拒绝，无法连接。

  at System.Net.Sockets.Socket.Connect (System.Net.EndPoint remoteEP, Boolean requireSocketPolicy) [0x00000] in <filename unknown>:0 
  at System.Net.Sockets.Socket+Worker.Connect () [0x00000] in <filename unknown>:0  

2021-09-07 11:54:09,012 [ 1] INFO  Unity: DoConnect
2021-09-07 11:54:09,012 [ 1] INFO  Unity: NetClient.DoConnect on 127.0.0.1:8000
2021-09-07 11:54:09,012 [ 1] INFO  Unity: Connect[1] to server 127.0.0.1:8000

2021-09-07 11:54:11,015 [ 1] WARN  Unity: CloseConnection(), errorCode: 1005

2021-09-07 11:54:11,015 [ 1] ERROR Unity: DoConnect SocketException:[10061,ConnectionRefused,10061]System.Net.Sockets.SocketException: 由于目标计算机积极拒绝，无法连接。

  at System.Net.Sockets.Socket.Connect (System.Net.EndPoint remoteEP, Boolean requireSocketPolicy) [0x00000] in <filename unknown>:0 
  at System.Net.Sockets.Socket+Worker.Connect () [0x00000] in <filename unknown>:0  

2021-09-07 11:54:11,024 [ 1] INFO  Unity: DoConnect
2021-09-07 11:54:11,024 [ 1] INFO  Unity: NetClient.DoConnect on 127.0.0.1:8000
2021-09-07 11:54:11,024 [ 1] INFO  Unity: Connect[2] to server 127.0.0.1:8000

2021-09-07 11:54:13,026 [ 1] WARN  Unity: CloseConnection(), errorCode: 1005

2021-09-07 11:54:13,026 [ 1] ERROR Unity: DoConnect SocketException:[10061,ConnectionRefused,10061]System.Net.Sockets.SocketException: 由于目标计算机积极拒绝，无法连接。

  at System.Net.Sockets.Socket.Connect (System.Net.EndPoint remoteEP, Boolean requireSocketPolicy) [0x00000] in <filename unknown>:0 
  at System.Net.Sockets.Socket+Worker.Connect () [0x00000] in <filename unknown>:0  

2021-09-07 11:54:13,026 [ 1] INFO  Unity: LoadingMesager::OnGameServerConnect :1 reason:Cannot connect to server
2021-09-07 11:54:28,731 [ 1] INFO  Unity: UserLoginRequest::user :123 psw:123
2021-09-07 11:54:28,731 [ 1] INFO  Unity: ConnectToServer Start
2021-09-07 11:54:28,731 [ 1] INFO  Unity: DoConnect
2021-09-07 11:54:28,731 [ 1] INFO  Unity: NetClient.DoConnect on 127.0.0.1:8000
2021-09-07 11:54:28,731 [ 1] INFO  Unity: Connect[3] to server 127.0.0.1:8000

2021-09-07 11:54:28,731 [ 1] INFO  Unity: LoadingMesager::OnGameServerConnect :0 reason:Success
2021-09-07 11:54:31,061 [ 1] INFO  Unity: OnUserRegister:Success [登录成功，欢迎来到声闻世界！]
2021-09-07 11:54:32,034 [ 1] INFO  Unity: LoadLevel: Start
2021-09-07 11:54:32,138 [ 1] INFO  Unity: LevelLoadCompleted:1
2021-09-07 11:54:35,319 [ 1] INFO  Unity: UserGameEnterRequest: 进入游戏的角色ID :1
2021-09-07 11:54:42,164 [ 1] INFO  Unity: OnEnterGame:Success [Login Success!]
2021-09-07 11:54:42,165 [ 1] INFO  Unity: ItemManager:Init,ItemId:1, itemCount:20
2021-09-07 11:54:42,165 [ 1] INFO  Unity: ItemManager:Init,ItemId:2, itemCount:20
2021-09-07 11:54:42,170 [ 1] INFO  Unity: OnMapCharacterEnter:Map:1 Count:2
2021-09-07 11:54:42,171 [ 1] INFO  Unity: AddCharacter:1003:龙王 Map:1 Entity:(1:pos:(2200,1900,800),dir:(100,0,0),spd:0
2021-09-07 11:54:42,173 [ 1] INFO  Unity: LoadLevel: MainCity
2021-09-07 11:54:42,173 [ 1] INFO  Unity: AddCharacter:1003:龙王 Map:1 Entity:(1:pos:(2200,1900,800),dir:(100,0,0),spd:0
2021-09-07 11:54:42,459 [ 1] WARN  Unity: UIWorldElementManager  16468 Awake

2021-09-07 11:54:42,459 [ 1] WARN  Unity: MainPlayerCamera  16478 Awake

2021-09-07 11:54:42,459 [ 1] WARN  Unity: UIMainCity  16534 Awake

2021-09-07 11:54:42,460 [ 1] WARN  Unity: GameObjectManager  16568 Awake

2021-09-07 11:54:42,466 [ 1] INFO  Unity: LevelLoadCompleted:1
2021-09-07 11:54:50,482 [ 1] INFO  Unity: OnMapCharacterEnter:Map:1 Count:1
2021-09-07 11:54:50,483 [ 1] INFO  Unity: AddCharacter:2:拉克丝 Map:1 Entity:(2:pos:(2200,1900,800),dir:(100,0,0),spd:0
2021-09-07 11:55:02,712 [ 1] INFO  Unity: MapEntityUpdateRequest:ID:2 Pos:(2200, 1900, 800) Dir:(100, 0, 0) Speed:300
2021-09-07 11:55:02,712 [ 1] INFO  Unity: MapEntityUpdateResponse: Entity:1
[2evt:MoveFwd entity:(2:pos:(2200,1900,800),dir:(100,0,0),spd:300]

2021-09-07 11:55:02,744 [ 1] INFO  Unity: MapEntityUpdateRequest:ID:2 Pos:(2273, 1900, 839) Dir:(100, 0, 0) Speed:300
2021-09-07 11:55:02,744 [ 1] INFO  Unity: MapEntityUpdateResponse: Entity:1
[2evt:None entity:(2:pos:(2273,1900,839),dir:(100,0,0),spd:300]

2021-09-07 11:55:02,744 [ 1] INFO  Unity: SetPosition:(2141, 1900, 839)
2021-09-07 11:55:02,745 [ 1] INFO  Unity: MapEntityUpdateRequest:ID:1 Pos:(2141,1900,839) Dir:(100,0,0) Speed:0
2021-09-07 11:55:03,360 [ 1] INFO  Unity: MapEntityUpdateRequest:ID:2 Pos:(2453, 1900, 839) Dir:(100, 0, 0) Speed:0
2021-09-07 11:55:03,360 [ 1] INFO  Unity: MapEntityUpdateResponse: Entity:1
[2evt:Idle entity:(2:pos:(2453,1900,839),dir:(100,0,0),spd:0]

2021-09-07 11:55:03,993 [ 1] INFO  Unity: MapEntityUpdateRequest:ID:2 Pos:(2453, 1900, 839) Dir:(98, -18, 0) Speed:0
2021-09-07 11:55:03,994 [ 1] INFO  Unity: MapEntityUpdateResponse: Entity:1
[2evt:None entity:(2:pos:(2453,1900,839),dir:(98,-18,0),spd:0]

2021-09-07 11:55:04,311 [ 1] INFO  Unity: MapEntityUpdateRequest:ID:2 Pos:(2453, 1900, 839) Dir:(98, -18, 0) Speed:300
2021-09-07 11:55:04,311 [ 1] INFO  Unity: MapEntityUpdateResponse: Entity:1
[2evt:MoveFwd entity:(2:pos:(2453,1900,839),dir:(98,-18,0),spd:300]

2021-09-07 11:55:04,627 [ 1] INFO  Unity: MapEntityUpdateRequest:ID:2 Pos:(2543, 1882, 839) Dir:(100, 1, 0) Speed:300
2021-09-07 11:55:04,627 [ 1] INFO  Unity: MapEntityUpdateResponse: Entity:1
[2evt:None entity:(2:pos:(2543,1882,839),dir:(100,1,0),spd:300]

2021-09-07 11:55:04,728 [ 1] INFO  Unity: MapEntityUpdateRequest:ID:2 Pos:(2573, 1882, 839) Dir:(98, 20, 0) Speed:300
2021-09-07 11:55:04,728 [ 1] INFO  Unity: MapEntityUpdateResponse: Entity:1
[2evt:None entity:(2:pos:(2573,1882,839),dir:(98,20,0),spd:300]

2021-09-07 11:55:04,812 [ 1] INFO  Unity: MapEntityUpdateRequest:ID:2 Pos:(2598, 1887, 839) Dir:(93, 37, 0) Speed:300
2021-09-07 11:55:04,812 [ 1] INFO  Unity: MapEntityUpdateResponse: Entity:1
[2evt:None entity:(2:pos:(2598,1887,839),dir:(93,37,0),spd:300]

2021-09-07 11:55:04,910 [ 1] INFO  Unity: MapEntityUpdateRequest:ID:2 Pos:(2628, 1899, 839) Dir:(83, 55, 0) Speed:300
2021-09-07 11:55:04,910 [ 1] INFO  Unity: MapEntityUpdateResponse: Entity:1
[2evt:None entity:(2:pos:(2628,1899,839),dir:(83,55,0),spd:300]

2021-09-07 11:55:05,011 [ 1] INFO  Unity: MapEntityUpdateRequest:ID:2 Pos:(2652, 1917, 839) Dir:(72, 70, 0) Speed:300
2021-09-07 11:55:05,012 [ 1] INFO  Unity: MapEntityUpdateResponse: Entity:1
[2evt:None entity:(2:pos:(2652,1917,839),dir:(72,70,0),spd:300]

2021-09-07 11:55:05,127 [ 1] INFO  Unity: MapEntityUpdateRequest:ID:2 Pos:(2680, 1945, 839) Dir:(72, 70, 0) Speed:0
2021-09-07 11:55:05,127 [ 1] INFO  Unity: MapEntityUpdateResponse: Entity:1
[2evt:Idle entity:(2:pos:(2680,1945,839),dir:(72,70,0),spd:0]

2021-09-07 11:55:05,211 [ 1] INFO  Unity: MapEntityUpdateRequest:ID:2 Pos:(2680, 1945, 839) Dir:(58, 82, 0) Speed:0
2021-09-07 11:55:05,211 [ 1] INFO  Unity: MapEntityUpdateResponse: Entity:1
[2evt:None entity:(2:pos:(2680,1945,839),dir:(58,82,0),spd:0]

2021-09-07 11:55:05,381 [ 1] INFO  Unity: MapEntityUpdateRequest:ID:2 Pos:(2680, 1945, 839) Dir:(42, 91, 0) Speed:0
2021-09-07 11:55:05,381 [ 1] INFO  Unity: MapEntityUpdateResponse: Entity:1
[2evt:None entity:(2:pos:(2680,1945,839),dir:(42,91,0),spd:0]

2021-09-07 11:55:05,444 [ 1] INFO  Unity: MapEntityUpdateRequest:ID:2 Pos:(2680, 1945, 839) Dir:(23, 97, 0) Speed:0
2021-09-07 11:55:05,444 [ 1] INFO  Unity: MapEntityUpdateResponse: Entity:1
[2evt:None entity:(2:pos:(2680,1945,839),dir:(23,97,0),spd:0]

2021-09-07 11:55:05,544 [ 1] INFO  Unity: MapEntityUpdateRequest:ID:2 Pos:(2680, 1945, 839) Dir:(2, 100, 0) Speed:0
2021-09-07 11:55:05,544 [ 1] INFO  Unity: MapEntityUpdateResponse: Entity:1
[2evt:None entity:(2:pos:(2680,1945,839),dir:(2,100,0),spd:0]

2021-09-07 11:55:05,645 [ 1] INFO  Unity: MapEntityUpdateRequest:ID:2 Pos:(2680, 1945, 839) Dir:(-18, 98, 0) Speed:0
2021-09-07 11:55:05,645 [ 1] INFO  Unity: MapEntityUpdateResponse: Entity:1
[2evt:None entity:(2:pos:(2680,1945,839),dir:(-18,98,0),spd:0]

2021-09-07 11:55:05,729 [ 1] INFO  Unity: MapEntityUpdateRequest:ID:2 Pos:(2680, 1945, 839) Dir:(-35, 94, 0) Speed:0
2021-09-07 11:55:05,729 [ 1] INFO  Unity: MapEntityUpdateResponse: Entity:1
[2evt:None entity:(2:pos:(2680,1945,839),dir:(-35,94,0),spd:0]

2021-09-07 11:55:05,829 [ 1] INFO  Unity: MapEntityUpdateRequest:ID:2 Pos:(2680, 1945, 839) Dir:(-51, 86, 0) Speed:0
2021-09-07 11:55:05,829 [ 1] INFO  Unity: MapEntityUpdateResponse: Entity:1
[2evt:None entity:(2:pos:(2680,1945,839),dir:(-51,86,0),spd:0]

2021-09-07 11:55:05,928 [ 1] INFO  Unity: MapEntityUpdateRequest:ID:2 Pos:(2680, 1945, 839) Dir:(-68, 74, 0) Speed:0
2021-09-07 11:55:05,928 [ 1] INFO  Unity: MapEntityUpdateResponse: Entity:1
[2evt:None entity:(2:pos:(2680,1945,839),dir:(-68,74,0),spd:0]

2021-09-07 11:55:06,012 [ 1] INFO  Unity: MapEntityUpdateRequest:ID:2 Pos:(2680, 1945, 839) Dir:(-79, 61, 0) Speed:0
2021-09-07 11:55:06,012 [ 1] INFO  Unity: MapEntityUpdateResponse: Entity:1
[2evt:None entity:(2:pos:(2680,1945,839),dir:(-79,61,0),spd:0]

2021-09-07 11:55:06,095 [ 1] INFO  Unity: MapEntityUpdateRequest:ID:2 Pos:(2680, 1945, 839) Dir:(-89, 46, 0) Speed:0
2021-09-07 11:55:06,096 [ 1] INFO  Unity: MapEntityUpdateResponse: Entity:1
[2evt:None entity:(2:pos:(2680,1945,839),dir:(-89,46,0),spd:0]

2021-09-07 11:55:06,195 [ 1] INFO  Unity: MapEntityUpdateRequest:ID:2 Pos:(2680, 1945, 839) Dir:(-96, 27, 0) Speed:0
2021-09-07 11:55:06,196 [ 1] INFO  Unity: MapEntityUpdateResponse: Entity:1
[2evt:None entity:(2:pos:(2680,1945,839),dir:(-96,27,0),spd:0]

2021-09-07 11:55:06,278 [ 1] INFO  Unity: MapEntityUpdateRequest:ID:2 Pos:(2680, 1945, 839) Dir:(-100, 9, 0) Speed:0
2021-09-07 11:55:06,278 [ 1] INFO  Unity: MapEntityUpdateResponse: Entity:1
[2evt:None entity:(2:pos:(2680,1945,839),dir:(-100,9,0),spd:0]

2021-09-07 11:55:06,378 [ 1] INFO  Unity: MapEntityUpdateRequest:ID:2 Pos:(2680, 1945, 839) Dir:(-99, -11, 0) Speed:0
2021-09-07 11:55:06,379 [ 1] INFO  Unity: MapEntityUpdateResponse: Entity:1
[2evt:None entity:(2:pos:(2680,1945,839),dir:(-99,-11,0),spd:0]

2021-09-07 11:55:06,462 [ 1] INFO  Unity: MapEntityUpdateRequest:ID:2 Pos:(2680, 1945, 839) Dir:(-96, -29, 0) Speed:0
2021-09-07 11:55:06,462 [ 1] INFO  Unity: MapEntityUpdateResponse: Entity:1
[2evt:None entity:(2:pos:(2680,1945,839),dir:(-96,-29,0),spd:0]

2021-09-07 11:55:06,562 [ 1] INFO  Unity: MapEntityUpdateRequest:ID:2 Pos:(2680, 1945, 839) Dir:(-88, -48, 0) Speed:0
2021-09-07 11:55:06,562 [ 1] INFO  Unity: MapEntityUpdateResponse: Entity:1
[2evt:None entity:(2:pos:(2680,1945,839),dir:(-88,-48,0),spd:0]

2021-09-07 11:55:06,679 [ 1] INFO  Unity: MapEntityUpdateRequest:ID:2 Pos:(2680, 1945, 839) Dir:(-77, -64, 0) Speed:0
2021-09-07 11:55:06,679 [ 1] INFO  Unity: MapEntityUpdateResponse: Entity:1
[2evt:None entity:(2:pos:(2680,1945,839),dir:(-77,-64,0),spd:0]

2021-09-07 11:55:06,895 [ 1] INFO  Unity: MapEntityUpdateRequest:ID:2 Pos:(2680, 1945, 839) Dir:(-64, -77, 0) Speed:0
2021-09-07 11:55:06,896 [ 1] INFO  Unity: MapEntityUpdateResponse: Entity:1
[2evt:None entity:(2:pos:(2680,1945,839),dir:(-64,-77,0),spd:0]

2021-09-07 11:55:07,079 [ 1] INFO  Unity: MapEntityUpdateRequest:ID:2 Pos:(2680, 1945, 839) Dir:(-49, -87, 0) Speed:0
2021-09-07 11:55:07,079 [ 1] INFO  Unity: MapEntityUpdateResponse: Entity:1
[2evt:None entity:(2:pos:(2680,1945,839),dir:(-49,-87,0),spd:0]

2021-09-07 11:55:07,329 [ 1] INFO  Unity: MapEntityUpdateRequest:ID:2 Pos:(2680, 1945, 839) Dir:(-64, -77, 0) Speed:0
2021-09-07 11:55:07,329 [ 1] INFO  Unity: MapEntityUpdateResponse: Entity:1
[2evt:None entity:(2:pos:(2680,1945,839),dir:(-64,-77,0),spd:0]

2021-09-07 11:55:07,446 [ 1] INFO  Unity: MapEntityUpdateRequest:ID:2 Pos:(2680, 1945, 839) Dir:(-77, -63, 0) Speed:0
2021-09-07 11:55:07,446 [ 1] INFO  Unity: MapEntityUpdateResponse: Entity:1
[2evt:None entity:(2:pos:(2680,1945,839),dir:(-77,-63,0),spd:0]

2021-09-07 11:55:07,547 [ 1] INFO  Unity: MapEntityUpdateRequest:ID:2 Pos:(2680, 1945, 839) Dir:(-88, -48, 0) Speed:0
2021-09-07 11:55:07,547 [ 1] INFO  Unity: MapEntityUpdateResponse: Entity:1
[2evt:None entity:(2:pos:(2680,1945,839),dir:(-88,-48,0),spd:0]

2021-09-07 11:55:07,713 [ 1] INFO  Unity: MapEntityUpdateRequest:ID:2 Pos:(2680, 1945, 839) Dir:(-95, -31, 0) Speed:0
2021-09-07 11:55:07,713 [ 1] INFO  Unity: MapEntityUpdateResponse: Entity:1
[2evt:None entity:(2:pos:(2680,1945,839),dir:(-95,-31,0),spd:0]

2021-09-07 11:55:09,064 [ 1] INFO  Unity: MoveForward
2021-09-07 11:55:09,064 [ 1] INFO  Unity: MapEntityUpdateRequest:ID:1 Pos:(2141,1900,839) Dir:(100,0,0) Speed:300
2021-09-07 11:55:09,347 [ 1] INFO  Unity: Stop
2021-09-07 11:55:09,347 [ 1] INFO  Unity: MapEntityUpdateRequest:ID:1 Pos:(2226,1900,839) Dir:(100,0,0) Speed:0
2021-09-07 11:55:09,631 [ 1] INFO  Unity: MoveForward
2021-09-07 11:55:09,631 [ 1] INFO  Unity: MapEntityUpdateRequest:ID:1 Pos:(2226,1900,839) Dir:(100,0,0) Speed:300
2021-09-07 11:55:10,382 [ 1] INFO  Unity: Stop
2021-09-07 11:55:10,382 [ 1] INFO  Unity: MapEntityUpdateRequest:ID:1 Pos:(2451,1900,839) Dir:(100,0,0) Speed:0
2021-09-07 11:55:11,082 [ 1] INFO  Unity: SetDirection:(98, -18, 0)
2021-09-07 11:55:11,082 [ 1] INFO  Unity: MapEntityUpdateRequest:ID:1 Pos:(2451,1900,839) Dir:(98,-18,0) Speed:0
2021-09-07 11:55:11,182 [ 1] INFO  Unity: SetDirection:(93, -36, 0)
2021-09-07 11:55:11,182 [ 1] INFO  Unity: MapEntityUpdateRequest:ID:1 Pos:(2451,1900,839) Dir:(93,-36,0) Speed:0
2021-09-07 11:55:11,282 [ 1] INFO  Unity: SetDirection:(84, -53, 0)
2021-09-07 11:55:11,282 [ 1] INFO  Unity: MapEntityUpdateRequest:ID:1 Pos:(2451,1900,839) Dir:(84,-53,0) Speed:0
2021-09-07 11:55:11,416 [ 1] INFO  Unity: SetDirection:(74, -67, 0)
2021-09-07 11:55:11,416 [ 1] INFO  Unity: MapEntityUpdateRequest:ID:1 Pos:(2451,1900,839) Dir:(74,-67,0) Speed:0
2021-09-07 11:55:11,833 [ 1] INFO  Unity: SetDirection:(86, -51, 0)
2021-09-07 11:55:11,833 [ 1] INFO  Unity: MapEntityUpdateRequest:ID:1 Pos:(2451,1900,839) Dir:(86,-51,0) Speed:0
2021-09-07 11:55:11,933 [ 1] INFO  Unity: SetDirection:(94, -33, 0)
2021-09-07 11:55:11,933 [ 1] INFO  Unity: MapEntityUpdateRequest:ID:1 Pos:(2451,1900,839) Dir:(94,-33,0) Speed:0
2021-09-07 11:55:12,016 [ 1] INFO  Unity: SetDirection:(99, -16, 0)
2021-09-07 11:55:12,016 [ 1] INFO  Unity: MapEntityUpdateRequest:ID:1 Pos:(2451,1900,839) Dir:(99,-16,0) Speed:0
2021-09-07 11:55:12,100 [ 1] INFO  Unity: SetDirection:(100, 1, 0)
2021-09-07 11:55:12,100 [ 1] INFO  Unity: MapEntityUpdateRequest:ID:1 Pos:(2451,1900,839) Dir:(100,1,0) Speed:0
2021-09-07 11:55:12,183 [ 1] INFO  Unity: SetDirection:(98, 19, 0)
2021-09-07 11:55:12,183 [ 1] INFO  Unity: MapEntityUpdateRequest:ID:1 Pos:(2451,1900,839) Dir:(98,19,0) Speed:0
2021-09-07 11:55:12,283 [ 1] INFO  Unity: SetDirection:(93, 36, 0)
2021-09-07 11:55:12,283 [ 1] INFO  Unity: MapEntityUpdateRequest:ID:1 Pos:(2451,1900,839) Dir:(93,36,0) Speed:0
2021-09-07 11:55:12,466 [ 1] INFO  Unity: SetDirection:(85, 52, 0)
2021-09-07 11:55:12,466 [ 1] INFO  Unity: MapEntityUpdateRequest:ID:1 Pos:(2451,1900,839) Dir:(85,52,0) Speed:0
2021-09-07 11:55:13,251 [ 1] INFO  Unity: SetDirection:(94, 35, 0)
2021-09-07 11:55:13,251 [ 1] INFO  Unity: MapEntityUpdateRequest:ID:1 Pos:(2451,1900,839) Dir:(94,35,0) Speed:0
2021-09-07 11:55:22,893 [ 1] INFO  Unity: MapEntityUpdateRequest:ID:2 Pos:(2680, 1945, 839) Dir:(-88, -47, 0) Speed:0
2021-09-07 11:55:22,893 [ 1] INFO  Unity: MapEntityUpdateResponse: Entity:1
[2evt:None entity:(2:pos:(2680,1945,839),dir:(-88,-47,0),spd:0]

2021-09-07 11:55:36,553 [ 1] INFO  Unity: SendFriendAddResponse
2021-09-07 11:55:36,872 [ 1] INFO  Unity: OnFriendList
2021-09-07 11:55:56,137 [ 1] INFO  Unity: OnMapCharacterLeave:CharID:2
2021-09-07 11:55:56,137 [ 1] INFO  Unity: RemoveCharacter:2
2021-09-07 11:55:56,139 [ 1] INFO  Unity: Character_2_拉克丝 OnDestroy :ID:2 POS:(2680, 1945, 839) DIR:(-88, -47, 0) SPD:0 
2021-09-07 11:56:05,494 [ 1] INFO  Unity: OnMapCharacterEnter:Map:1 Count:1
2021-09-07 11:56:05,494 [ 1] INFO  Unity: AddCharacter:1006:艾希 Map:1 Entity:(7:pos:(2200,1900,800),dir:(100,0,0),spd:0
2021-09-07 11:56:05,498 [ 1] INFO  Unity: OnFriendList
2021-09-07 11:56:22,974 [ 1] INFO  Unity: SendFriendAddResponse
2021-09-07 11:56:23,007 [ 1] INFO  Unity: OnFriendList
2021-09-07 11:56:28,578 [ 1] INFO  Unity: SetDirection:(86, 51, 0)
2021-09-07 11:56:28,578 [ 1] INFO  Unity: MapEntityUpdateRequest:ID:1 Pos:(2451,1900,839) Dir:(86,51,0) Speed:0
2021-09-07 11:56:28,678 [ 1] INFO  Unity: SetDirection:(74, 67, 0)
2021-09-07 11:56:28,679 [ 1] INFO  Unity: MapEntityUpdateRequest:ID:1 Pos:(2451,1900,839) Dir:(74,67,0) Speed:0
2021-09-07 11:56:28,762 [ 1] INFO  Unity: SetDirection:(61, 79, 0)
2021-09-07 11:56:28,762 [ 1] INFO  Unity: MapEntityUpdateRequest:ID:1 Pos:(2451,1900,839) Dir:(61,79,0) Speed:0
2021-09-07 11:56:28,861 [ 1] INFO  Unity: SetDirection:(44, 90, 0)
2021-09-07 11:56:28,862 [ 1] INFO  Unity: MapEntityUpdateRequest:ID:1 Pos:(2451,1900,839) Dir:(44,90,0) Speed:0
2021-09-07 11:56:28,946 [ 1] INFO  Unity: SetDirection:(27, 96, 0)
2021-09-07 11:56:28,946 [ 1] INFO  Unity: MapEntityUpdateRequest:ID:1 Pos:(2451,1900,839) Dir:(27,96,0) Speed:0
2021-09-07 11:56:29,046 [ 1] INFO  Unity: SetDirection:(7, 100, 0)
2021-09-07 11:56:29,046 [ 1] INFO  Unity: MapEntityUpdateRequest:ID:1 Pos:(2451,1900,839) Dir:(7,100,0) Speed:0
2021-09-07 11:56:29,129 [ 1] INFO  Unity: SetDirection:(-11, 99, 0)
2021-09-07 11:56:29,129 [ 1] INFO  Unity: MapEntityUpdateRequest:ID:1 Pos:(2451,1900,839) Dir:(-11,99,0) Speed:0
2021-09-07 11:56:29,229 [ 1] INFO  Unity: SetDirection:(-31, 95, 0)
2021-09-07 11:56:29,229 [ 1] INFO  Unity: MapEntityUpdateRequest:ID:1 Pos:(2451,1900,839) Dir:(-31,95,0) Speed:0
2021-09-07 11:56:29,312 [ 1] INFO  Unity: SetDirection:(-47, 88, 0)
2021-09-07 11:56:29,312 [ 1] INFO  Unity: MapEntityUpdateRequest:ID:1 Pos:(2451,1900,839) Dir:(-47,88,0) Speed:0
2021-09-07 11:56:29,396 [ 1] INFO  Unity: SetDirection:(-62, 79, 0)
2021-09-07 11:56:29,396 [ 1] INFO  Unity: MapEntityUpdateRequest:ID:1 Pos:(2451,1900,839) Dir:(-62,79,0) Speed:0
2021-09-07 11:56:29,478 [ 1] INFO  Unity: SetDirection:(-75, 67, 0)
2021-09-07 11:56:29,478 [ 1] INFO  Unity: MapEntityUpdateRequest:ID:1 Pos:(2451,1900,839) Dir:(-75,67,0) Speed:0
2021-09-07 11:56:29,578 [ 1] INFO  Unity: SetDirection:(-87, 50, 0)
2021-09-07 11:56:29,578 [ 1] INFO  Unity: MapEntityUpdateRequest:ID:1 Pos:(2451,1900,839) Dir:(-87,50,0) Speed:0
2021-09-07 11:56:29,661 [ 1] INFO  Unity: SetDirection:(-94, 34, 0)
2021-09-07 11:56:29,661 [ 1] INFO  Unity: MapEntityUpdateRequest:ID:1 Pos:(2451,1900,839) Dir:(-94,34,0) Speed:0
2021-09-07 11:56:29,746 [ 1] INFO  Unity: SetDirection:(-99, 17, 0)
2021-09-07 11:56:29,746 [ 1] INFO  Unity: MapEntityUpdateRequest:ID:1 Pos:(2451,1900,839) Dir:(-99,17,0) Speed:0
2021-09-07 11:56:29,862 [ 1] INFO  Unity: SetDirection:(-100, -2, 0)
2021-09-07 11:56:29,863 [ 1] INFO  Unity: MapEntityUpdateRequest:ID:1 Pos:(2451,1900,839) Dir:(-100,-2,0) Speed:0
2021-09-07 11:56:31,914 [ 1] INFO  Unity: MapEntityUpdateRequest:ID:7 Pos:(2200, 1900, 800) Dir:(98, 18, 0) Speed:0
2021-09-07 11:56:31,914 [ 1] INFO  Unity: MapEntityUpdateResponse: Entity:1
[7evt:None entity:(7:pos:(2200,1900,800),dir:(98,18,0),spd:0]

2021-09-07 11:56:31,914 [ 1] INFO  Unity: OnFriendList
2021-09-07 11:56:31,915 [ 1] ERROR Unity: Message handler exception:, , Assembly-CSharp,   at (wrapper managed-to-native) UnityEngine.Component:get_gameObject ()
  at ListView.RemoveAll () [0x00000] in <filename unknown>:0 
  at UIFriends.ClearFriendList () [0x00000] in <filename unknown>:0 
  at UIFriends.RefreshUI () [0x00000] in <filename unknown>:0 
  at Services.FriendService.OnFriendList (System.Object sender, SkillBridge.Message.FriendListResponse message) [0x00000] in <filename unknown>:0 
  at Network.MessageDistributer`1[System.Object].RaiseEvent[FriendListResponse] (System.Object sender, SkillBridge.Message.FriendListResponse msg) [0x00000] in <filename unknown>:0 
2021-09-07 11:56:32,015 [ 1] INFO  Unity: MapEntityUpdateRequest:ID:7 Pos:(2200, 1900, 800) Dir:(93, 36, 0) Speed:0
2021-09-07 11:56:32,015 [ 1] INFO  Unity: MapEntityUpdateResponse: Entity:1
[7evt:None entity:(7:pos:(2200,1900,800),dir:(93,36,0),spd:0]

2021-09-07 11:56:32,115 [ 1] INFO  Unity: MapEntityUpdateRequest:ID:7 Pos:(2200, 1900, 800) Dir:(84, 55, 0) Speed:0
2021-09-07 11:56:32,115 [ 1] INFO  Unity: MapEntityUpdateResponse: Entity:1
[7evt:None entity:(7:pos:(2200,1900,800),dir:(84,55,0),spd:0]

2021-09-07 11:56:32,214 [ 1] INFO  Unity: MapEntityUpdateRequest:ID:7 Pos:(2200, 1900, 800) Dir:(71, 71, 0) Speed:0
2021-09-07 11:56:32,214 [ 1] INFO  Unity: MapEntityUpdateResponse: Entity:1
[7evt:None entity:(7:pos:(2200,1900,800),dir:(71,71,0),spd:0]

2021-09-07 11:56:32,298 [ 1] INFO  Unity: MapEntityUpdateRequest:ID:7 Pos:(2200, 1900, 800) Dir:(57, 82, 0) Speed:0
2021-09-07 11:56:32,298 [ 1] INFO  Unity: MapEntityUpdateResponse: Entity:1
[7evt:None entity:(7:pos:(2200,1900,800),dir:(57,82,0),spd:0]

2021-09-07 11:56:32,382 [ 1] INFO  Unity: MapEntityUpdateRequest:ID:7 Pos:(2200, 1900, 800) Dir:(39, 92, 0) Speed:0
2021-09-07 11:56:32,382 [ 1] INFO  Unity: MapEntityUpdateResponse: Entity:1
[7evt:None entity:(7:pos:(2200,1900,800),dir:(39,92,0),spd:0]

2021-09-07 11:56:32,497 [ 1] INFO  Unity: MapEntityUpdateRequest:ID:7 Pos:(2200, 1900, 800) Dir:(22, 98, 0) Speed:0
2021-09-07 11:56:32,497 [ 1] INFO  Unity: MapEntityUpdateResponse: Entity:1
[7evt:None entity:(7:pos:(2200,1900,800),dir:(22,98,0),spd:0]

2021-09-07 11:56:32,715 [ 1] INFO  Unity: MapEntityUpdateRequest:ID:7 Pos:(2200, 1900, 800) Dir:(22, 98, 0) Speed:300
2021-09-07 11:56:32,715 [ 1] INFO  Unity: MapEntityUpdateResponse: Entity:1
[7evt:MoveFwd entity:(7:pos:(2200,1900,800),dir:(22,98,0),spd:300]

2021-09-07 11:56:33,215 [ 1] INFO  Unity: MapEntityUpdateRequest:ID:7 Pos:(2229, 2045, 800) Dir:(40, 92, 0) Speed:300
2021-09-07 11:56:33,215 [ 1] INFO  Unity: MapEntityUpdateResponse: Entity:1
[7evt:None entity:(7:pos:(2229,2045,800),dir:(40,92,0),spd:300]

2021-09-07 11:56:33,297 [ 1] INFO  Unity: MapEntityUpdateRequest:ID:7 Pos:(2239, 2070, 800) Dir:(55, 83, 0) Speed:300
2021-09-07 11:56:33,297 [ 1] INFO  Unity: MapEntityUpdateResponse: Entity:1
[7evt:None entity:(7:pos:(2239,2070,800),dir:(55,83,0),spd:300]

2021-09-07 11:56:33,393 [ 1] INFO  Unity: MapEntityUpdateRequest:ID:7 Pos:(2257, 2094, 800) Dir:(71, 70, 0) Speed:300
2021-09-07 11:56:33,393 [ 1] INFO  Unity: MapEntityUpdateResponse: Entity:1
[7evt:None entity:(7:pos:(2257,2094,800),dir:(71,70,0),spd:300]

2021-09-07 11:56:33,489 [ 1] INFO  Unity: MapEntityUpdateRequest:ID:7 Pos:(2277, 2114, 800) Dir:(82, 57, 0) Speed:300
2021-09-07 11:56:33,489 [ 1] INFO  Unity: MapEntityUpdateResponse: Entity:1
[7evt:None entity:(7:pos:(2277,2114,800),dir:(82,57,0),spd:300]

2021-09-07 11:56:33,585 [ 1] INFO  Unity: MapEntityUpdateRequest:ID:7 Pos:(2297, 2129, 800) Dir:(91, 41, 0) Speed:300
2021-09-07 11:56:33,585 [ 1] INFO  Unity: MapEntityUpdateResponse: Entity:1
[7evt:None entity:(7:pos:(2297,2129,800),dir:(91,41,0),spd:300]

2021-09-07 11:56:33,683 [ 1] INFO  Unity: MapEntityUpdateRequest:ID:7 Pos:(2327, 2141, 800) Dir:(98, 22, 0) Speed:300
2021-09-07 11:56:33,683 [ 1] INFO  Unity: MapEntityUpdateResponse: Entity:1
[7evt:None entity:(7:pos:(2327,2141,800),dir:(98,22,0),spd:300]

2021-09-07 11:56:33,749 [ 1] INFO  Unity: MapEntityUpdateRequest:ID:7 Pos:(2352, 2146, 800) Dir:(100, 4, 0) Speed:300
2021-09-07 11:56:33,749 [ 1] INFO  Unity: MapEntityUpdateResponse: Entity:1
[7evt:None entity:(7:pos:(2352,2146,800),dir:(100,4,0),spd:300]

2021-09-07 11:56:33,849 [ 1] INFO  Unity: MapEntityUpdateRequest:ID:7 Pos:(2382, 2146, 800) Dir:(99, -17, 0) Speed:300
2021-09-07 11:56:33,849 [ 1] INFO  Unity: MapEntityUpdateResponse: Entity:1
[7evt:None entity:(7:pos:(2382,2146,800),dir:(99,-17,0),spd:300]

2021-09-07 11:56:33,950 [ 1] INFO  Unity: MapEntityUpdateRequest:ID:7 Pos:(2412, 2140, 800) Dir:(93, -37, 0) Speed:300
2021-09-07 11:56:33,950 [ 1] INFO  Unity: MapEntityUpdateResponse: Entity:1
[7evt:None entity:(7:pos:(2412,2140,800),dir:(93,-37,0),spd:300]

2021-09-07 11:56:34,032 [ 1] INFO  Unity: MapEntityUpdateRequest:ID:7 Pos:(2442, 2128, 800) Dir:(83, -55, 0) Speed:300
2021-09-07 11:56:34,032 [ 1] INFO  Unity: MapEntityUpdateResponse: Entity:1
[7evt:None entity:(7:pos:(2442,2128,800),dir:(83,-55,0),spd:300]

2021-09-07 11:56:34,149 [ 1] INFO  Unity: MapEntityUpdateRequest:ID:7 Pos:(2466, 2110, 800) Dir:(70, -71, 0) Speed:300
2021-09-07 11:56:34,149 [ 1] INFO  Unity: MapEntityUpdateResponse: Entity:1
[7evt:None entity:(7:pos:(2466,2110,800),dir:(70,-71,0),spd:300]

2021-09-07 11:56:34,233 [ 1] INFO  Unity: MapEntityUpdateRequest:ID:7 Pos:(2486, 2090, 800) Dir:(57, -82, 0) Speed:300
2021-09-07 11:56:34,233 [ 1] INFO  Unity: MapEntityUpdateResponse: Entity:1
[7evt:None entity:(7:pos:(2486,2090,800),dir:(57,-82,0),spd:300]

2021-09-07 11:56:34,316 [ 1] INFO  Unity: MapEntityUpdateRequest:ID:7 Pos:(2501, 2070, 800) Dir:(41, -91, 0) Speed:300
2021-09-07 11:56:34,316 [ 1] INFO  Unity: MapEntityUpdateResponse: Entity:1
[7evt:None entity:(7:pos:(2501,2070,800),dir:(41,-91,0),spd:300]

2021-09-07 11:56:34,416 [ 1] INFO  Unity: MapEntityUpdateRequest:ID:7 Pos:(2513, 2040, 800) Dir:(22, -98, 0) Speed:300
2021-09-07 11:56:34,416 [ 1] INFO  Unity: MapEntityUpdateResponse: Entity:1
[7evt:None entity:(7:pos:(2513,2040,800),dir:(22,-98,0),spd:300]

2021-09-07 11:56:34,499 [ 1] INFO  Unity: MapEntityUpdateRequest:ID:7 Pos:(2518, 2015, 800) Dir:(4, -100, 0) Speed:300
2021-09-07 11:56:34,500 [ 1] INFO  Unity: MapEntityUpdateResponse: Entity:1
[7evt:None entity:(7:pos:(2518,2015,800),dir:(4,-100,0),spd:300]

2021-09-07 11:56:34,600 [ 1] INFO  Unity: MapEntityUpdateRequest:ID:7 Pos:(2517, 1980, 800) Dir:(-17, -99, 0) Speed:300
2021-09-07 11:56:34,600 [ 1] INFO  Unity: MapEntityUpdateResponse: Entity:1
[7evt:None entity:(7:pos:(2517,1980,800),dir:(-17,-99,0),spd:300]

2021-09-07 11:56:34,684 [ 1] INFO  Unity: MapEntityUpdateRequest:ID:7 Pos:(2512, 1955, 800) Dir:(-37, -93, 0) Speed:300
2021-09-07 11:56:34,684 [ 1] INFO  Unity: MapEntityUpdateResponse: Entity:1
[7evt:None entity:(7:pos:(2512,1955,800),dir:(-37,-93,0),spd:300]

2021-09-07 11:56:34,767 [ 1] INFO  Unity: SetPosition:(2429, 1873, 800)
2021-09-07 11:56:34,767 [ 1] INFO  Unity: MapEntityUpdateRequest:ID:1 Pos:(2429,1873,800) Dir:(-100,-2,0) Speed:0
2021-09-07 11:56:34,783 [ 1] INFO  Unity: MapEntityUpdateRequest:ID:7 Pos:(2500, 1925, 800) Dir:(-55, -83, 0) Speed:300
2021-09-07 11:56:34,783 [ 1] INFO  Unity: MapEntityUpdateResponse: Entity:1
[7evt:None entity:(7:pos:(2500,1925,800),dir:(-55,-83,0),spd:300]

2021-09-07 11:56:34,849 [ 1] INFO  Unity: MapEntityUpdateRequest:ID:7 Pos:(2519, 1948, 795) Dir:(-55, -83, 0) Speed:300
2021-09-07 11:56:34,850 [ 1] INFO  Unity: MapEntityUpdateResponse: Entity:1
[7evt:None entity:(7:pos:(2519,1948,795),dir:(-55,-83,0),spd:300]

2021-09-07 11:56:34,850 [ 1] INFO  Unity: OnFriendList
2021-09-07 11:56:34,851 [ 1] ERROR Unity: Message handler exception:, , Assembly-CSharp,   at (wrapper managed-to-native) UnityEngine.Component:get_gameObject ()
  at ListView.RemoveAll () [0x00000] in <filename unknown>:0 
  at UIFriends.ClearFriendList () [0x00000] in <filename unknown>:0 
  at UIFriends.RefreshUI () [0x00000] in <filename unknown>:0 
  at Services.FriendService.OnFriendList (System.Object sender, SkillBridge.Message.FriendListResponse message) [0x00000] in <filename unknown>:0 
  at Network.MessageDistributer`1[System.Object].RaiseEvent[FriendListResponse] (System.Object sender, SkillBridge.Message.FriendListResponse msg) [0x00000] in <filename unknown>:0 
2021-09-07 11:56:34,884 [ 1] INFO  Unity: MapEntityUpdateRequest:ID:7 Pos:(2513, 1940, 795) Dir:(-71, -70, 0) Speed:300
2021-09-07 11:56:34,884 [ 1] INFO  Unity: MapEntityUpdateResponse: Entity:1
[7evt:None entity:(7:pos:(2513,1940,795),dir:(-71,-70,0),spd:300]

2021-09-07 11:56:34,984 [ 1] INFO  Unity: MapEntityUpdateRequest:ID:7 Pos:(2489, 1916, 795) Dir:(-84, -55, 0) Speed:300
2021-09-07 11:56:34,984 [ 1] INFO  Unity: MapEntityUpdateResponse: Entity:1
[7evt:None entity:(7:pos:(2489,1916,795),dir:(-84,-55,0),spd:300]

2021-09-07 11:56:35,100 [ 1] INFO  Unity: SetPosition:(2385, 1843, 800)
2021-09-07 11:56:35,100 [ 1] INFO  Unity: MapEntityUpdateRequest:ID:1 Pos:(2385,1843,800) Dir:(-100,-2,0) Speed:0
2021-09-07 11:56:35,134 [ 1] INFO  Unity: MapEntityUpdateRequest:ID:7 Pos:(2457, 1892, 795) Dir:(-92, -39, 0) Speed:300
2021-09-07 11:56:35,134 [ 1] INFO  Unity: MapEntityUpdateResponse: Entity:1
[7evt:None entity:(7:pos:(2457,1892,795),dir:(-92,-39,0),spd:300]

2021-09-07 11:56:35,167 [ 1] INFO  Unity: MapEntityUpdateRequest:ID:7 Pos:(2494, 1912, 795) Dir:(-92, -39, 0) Speed:300
2021-09-07 11:56:35,167 [ 1] INFO  Unity: MapEntityUpdateResponse: Entity:1
[7evt:None entity:(7:pos:(2494,1912,795),dir:(-92,-39,0),spd:300]

2021-09-07 11:56:35,168 [ 1] INFO  Unity: OnFriendList
2021-09-07 11:56:35,168 [ 1] ERROR Unity: Message handler exception:, , Assembly-CSharp,   at (wrapper managed-to-native) UnityEngine.Component:get_gameObject ()
  at ListView.RemoveAll () [0x00000] in <filename unknown>:0 
  at UIFriends.ClearFriendList () [0x00000] in <filename unknown>:0 
  at UIFriends.RefreshUI () [0x00000] in <filename unknown>:0 
  at Services.FriendService.OnFriendList (System.Object sender, SkillBridge.Message.FriendListResponse message) [0x00000] in <filename unknown>:0 
  at Network.MessageDistributer`1[System.Object].RaiseEvent[FriendListResponse] (System.Object sender, SkillBridge.Message.FriendListResponse msg) [0x00000] in <filename unknown>:0 
2021-09-07 11:56:35,450 [ 1] INFO  Unity: SetPosition:(2346, 1811, 800)
2021-09-07 11:56:35,450 [ 1] INFO  Unity: MapEntityUpdateRequest:ID:1 Pos:(2346,1811,800) Dir:(-100,-2,0) Speed:0
2021-09-07 11:56:35,484 [ 1] INFO  Unity: MapEntityUpdateRequest:ID:7 Pos:(2452, 1889, 795) Dir:(-92, -39, 0) Speed:300
2021-09-07 11:56:35,484 [ 1] INFO  Unity: MapEntityUpdateResponse: Entity:1
[7evt:None entity:(7:pos:(2452,1889,795),dir:(-92,-39,0),spd:300]

2021-09-07 11:56:35,800 [ 1] INFO  Unity: MapEntityUpdateRequest:ID:7 Pos:(2405, 1869, 795) Dir:(-92, -39, 0) Speed:300
2021-09-07 11:56:35,800 [ 1] INFO  Unity: MapEntityUpdateResponse: Entity:1
[7evt:None entity:(7:pos:(2405,1869,795),dir:(-92,-39,0),spd:300]

2021-09-07 11:56:35,800 [ 1] INFO  Unity: OnFriendList
2021-09-07 11:56:35,801 [ 1] ERROR Unity: Message handler exception:, , Assembly-CSharp,   at (wrapper managed-to-native) UnityEngine.Component:get_gameObject ()
  at ListView.RemoveAll () [0x00000] in <filename unknown>:0 
  at UIFriends.ClearFriendList () [0x00000] in <filename unknown>:0 
  at UIFriends.RefreshUI () [0x00000] in <filename unknown>:0 
  at Services.FriendService.OnFriendList (System.Object sender, SkillBridge.Message.FriendListResponse message) [0x00000] in <filename unknown>:0 
  at Network.MessageDistributer`1[System.Object].RaiseEvent[FriendListResponse] (System.Object sender, SkillBridge.Message.FriendListResponse msg) [0x00000] in <filename unknown>:0 
2021-09-07 11:56:35,801 [ 1] INFO  Unity: SetPosition:(2314, 1769, 800)
2021-09-07 11:56:35,801 [ 1] INFO  Unity: MapEntityUpdateRequest:ID:1 Pos:(2314,1769,800) Dir:(-100,-2,0) Speed:0
2021-09-07 11:56:36,184 [ 1] INFO  Unity: MapEntityUpdateRequest:ID:7 Pos:(2331, 1854, 795) Dir:(-92, -39, 0) Speed:300
2021-09-07 11:56:36,184 [ 1] INFO  Unity: MapEntityUpdateResponse: Entity:1
[7evt:None entity:(7:pos:(2331,1854,795),dir:(-92,-39,0),spd:300]

2021-09-07 11:56:36,184 [ 1] INFO  Unity: OnFriendList
2021-09-07 11:56:36,184 [ 1] ERROR Unity: Message handler exception:, , Assembly-CSharp,   at (wrapper managed-to-native) UnityEngine.Component:get_gameObject ()
  at ListView.RemoveAll () [0x00000] in <filename unknown>:0 
  at UIFriends.ClearFriendList () [0x00000] in <filename unknown>:0 
  at UIFriends.RefreshUI () [0x00000] in <filename unknown>:0 
  at Services.FriendService.OnFriendList (System.Object sender, SkillBridge.Message.FriendListResponse message) [0x00000] in <filename unknown>:0 
  at Network.MessageDistributer`1[System.Object].RaiseEvent[FriendListResponse] (System.Object sender, SkillBridge.Message.FriendListResponse msg) [0x00000] in <filename unknown>:0 
2021-09-07 11:56:36,618 [ 1] INFO  Unity: MapEntityUpdateRequest:ID:7 Pos:(2201, 1802, 795) Dir:(-92, -39, 0) Speed:0
2021-09-07 11:56:36,618 [ 1] INFO  Unity: MapEntityUpdateResponse: Entity:1
[7evt:Idle entity:(7:pos:(2201,1802,795),dir:(-92,-39,0),spd:0]

2021-09-07 11:56:37,201 [ 1] INFO  Unity: MapEntityUpdateRequest:ID:7 Pos:(2201, 1802, 795) Dir:(-83, -55, 0) Speed:0
2021-09-07 11:56:37,201 [ 1] INFO  Unity: MapEntityUpdateResponse: Entity:1
[7evt:None entity:(7:pos:(2201,1802,795),dir:(-83,-55,0),spd:0]

2021-09-07 11:56:37,302 [ 1] INFO  Unity: MapEntityUpdateRequest:ID:7 Pos:(2201, 1802, 795) Dir:(-71, -71, 0) Speed:0
2021-09-07 11:56:37,302 [ 1] INFO  Unity: MapEntityUpdateResponse: Entity:1
[7evt:None entity:(7:pos:(2201,1802,795),dir:(-71,-71,0),spd:0]

2021-09-07 11:56:37,386 [ 1] INFO  Unity: MapEntityUpdateRequest:ID:7 Pos:(2201, 1802, 795) Dir:(-57, -82, 0) Speed:0
2021-09-07 11:56:37,386 [ 1] INFO  Unity: MapEntityUpdateResponse: Entity:1
[7evt:None entity:(7:pos:(2201,1802,795),dir:(-57,-82,0),spd:0]

2021-09-07 11:56:37,485 [ 1] INFO  Unity: MapEntityUpdateRequest:ID:7 Pos:(2201, 1802, 795) Dir:(-39, -92, 0) Speed:0
2021-09-07 11:56:37,485 [ 1] INFO  Unity: MapEntityUpdateResponse: Entity:1
[7evt:None entity:(7:pos:(2201,1802,795),dir:(-39,-92,0),spd:0]

2021-09-07 11:56:37,569 [ 1] INFO  Unity: MapEntityUpdateRequest:ID:7 Pos:(2201, 1802, 795) Dir:(-22, -97, 0) Speed:0
2021-09-07 11:56:37,569 [ 1] INFO  Unity: MapEntityUpdateResponse: Entity:1
[7evt:None entity:(7:pos:(2201,1802,795),dir:(-22,-97,0),spd:0]

2021-09-07 11:56:37,668 [ 1] INFO  Unity: MapEntityUpdateRequest:ID:7 Pos:(2201, 1802, 795) Dir:(-2, -100, 0) Speed:0
2021-09-07 11:56:37,669 [ 1] INFO  Unity: MapEntityUpdateResponse: Entity:1
[7evt:None entity:(7:pos:(2201,1802,795),dir:(-2,-100,0),spd:0]

2021-09-07 11:56:37,752 [ 1] INFO  Unity: MapEntityUpdateRequest:ID:7 Pos:(2201, 1802, 795) Dir:(16, -99, 0) Speed:0
2021-09-07 11:56:37,752 [ 1] INFO  Unity: MapEntityUpdateResponse: Entity:1
[7evt:None entity:(7:pos:(2201,1802,795),dir:(16,-99,0),spd:0]

2021-09-07 11:56:37,852 [ 1] INFO  Unity: MapEntityUpdateRequest:ID:7 Pos:(2201, 1802, 795) Dir:(36, -93, 0) Speed:0
2021-09-07 11:56:37,853 [ 1] INFO  Unity: MapEntityUpdateResponse: Entity:1
[7evt:None entity:(7:pos:(2201,1802,795),dir:(36,-93,0),spd:0]

2021-09-07 11:56:37,953 [ 1] INFO  Unity: MapEntityUpdateRequest:ID:7 Pos:(2201, 1802, 795) Dir:(55, -84, 0) Speed:0
2021-09-07 11:56:37,953 [ 1] INFO  Unity: MapEntityUpdateResponse: Entity:1
[7evt:None entity:(7:pos:(2201,1802,795),dir:(55,-84,0),spd:0]

2021-09-07 11:56:38,053 [ 1] INFO  Unity: MapEntityUpdateRequest:ID:7 Pos:(2201, 1802, 795) Dir:(71, -71, 0) Speed:0
2021-09-07 11:56:38,053 [ 1] INFO  Unity: MapEntityUpdateResponse: Entity:1
[7evt:None entity:(7:pos:(2201,1802,795),dir:(71,-71,0),spd:0]

2021-09-07 11:56:38,136 [ 1] INFO  Unity: MapEntityUpdateRequest:ID:7 Pos:(2201, 1802, 795) Dir:(82, -57, 0) Speed:0
2021-09-07 11:56:38,137 [ 1] INFO  Unity: MapEntityUpdateResponse: Entity:1
[7evt:None entity:(7:pos:(2201,1802,795),dir:(82,-57,0),spd:0]

2021-09-07 11:56:38,235 [ 1] INFO  Unity: MapEntityUpdateRequest:ID:7 Pos:(2201, 1802, 795) Dir:(92, -39, 0) Speed:0
2021-09-07 11:56:38,236 [ 1] INFO  Unity: MapEntityUpdateResponse: Entity:1
[7evt:None entity:(7:pos:(2201,1802,795),dir:(92,-39,0),spd:0]

2021-09-07 11:56:38,703 [ 1] INFO  Unity: MapEntityUpdateRequest:ID:7 Pos:(2201, 1802, 795) Dir:(92, -39, 0) Speed:300
2021-09-07 11:56:38,703 [ 1] INFO  Unity: MapEntityUpdateResponse: Entity:1
[7evt:MoveFwd entity:(7:pos:(2201,1802,795),dir:(92,-39,0),spd:300]

2021-09-07 11:56:38,871 [ 1] INFO  Unity: SetPosition:(2318, 1718, 800)
2021-09-07 11:56:38,871 [ 1] INFO  Unity: MapEntityUpdateRequest:ID:1 Pos:(2318,1718,800) Dir:(-100,-2,0) Speed:0
2021-09-07 11:56:38,937 [ 1] INFO  Unity: MapEntityUpdateRequest:ID:7 Pos:(2252, 1824, 795) Dir:(92, -39, 0) Speed:300
2021-09-07 11:56:38,937 [ 1] INFO  Unity: MapEntityUpdateResponse: Entity:1
[7evt:None entity:(7:pos:(2252,1824,795),dir:(92,-39,0),spd:300]

2021-09-07 11:56:38,937 [ 1] INFO  Unity: OnFriendList
2021-09-07 11:56:38,937 [ 1] ERROR Unity: Message handler exception:, , Assembly-CSharp,   at (wrapper managed-to-native) UnityEngine.Component:get_gameObject ()
  at ListView.RemoveAll () [0x00000] in <filename unknown>:0 
  at UIFriends.ClearFriendList () [0x00000] in <filename unknown>:0 
  at UIFriends.RefreshUI () [0x00000] in <filename unknown>:0 
  at Services.FriendService.OnFriendList (System.Object sender, SkillBridge.Message.FriendListResponse message) [0x00000] in <filename unknown>:0 
  at Network.MessageDistributer`1[System.Object].RaiseEvent[FriendListResponse] (System.Object sender, SkillBridge.Message.FriendListResponse msg) [0x00000] in <filename unknown>:0 
2021-09-07 11:56:39,621 [ 1] INFO  Unity: MapEntityUpdateRequest:ID:7 Pos:(2452, 1744, 795) Dir:(92, -39, 0) Speed:0
2021-09-07 11:56:39,621 [ 1] INFO  Unity: MapEntityUpdateResponse: Entity:1
[7evt:Idle entity:(7:pos:(2452,1744,795),dir:(92,-39,0),spd:0]

2021-09-07 11:56:39,820 [ 1] INFO  Unity: MapEntityUpdateRequest:ID:7 Pos:(2452, 1744, 795) Dir:(84, -55, 0) Speed:0
2021-09-07 11:56:39,821 [ 1] INFO  Unity: MapEntityUpdateResponse: Entity:1
[7evt:None entity:(7:pos:(2452,1744,795),dir:(84,-55,0),spd:0]

2021-09-07 11:56:39,920 [ 1] INFO  Unity: MapEntityUpdateRequest:ID:7 Pos:(2452, 1744, 795) Dir:(73, -69, 0) Speed:0
2021-09-07 11:56:39,920 [ 1] INFO  Unity: MapEntityUpdateResponse: Entity:1
[7evt:None entity:(7:pos:(2452,1744,795),dir:(73,-69,0),spd:0]

2021-09-07 11:56:40,021 [ 1] INFO  Unity: MapEntityUpdateRequest:ID:7 Pos:(2452, 1744, 795) Dir:(57, -82, 0) Speed:0
2021-09-07 11:56:40,021 [ 1] INFO  Unity: MapEntityUpdateResponse: Entity:1
[7evt:None entity:(7:pos:(2452,1744,795),dir:(57,-82,0),spd:0]

2021-09-07 11:56:40,104 [ 1] INFO  Unity: MapEntityUpdateRequest:ID:7 Pos:(2452, 1744, 795) Dir:(42, -91, 0) Speed:0
2021-09-07 11:56:40,104 [ 1] INFO  Unity: MapEntityUpdateResponse: Entity:1
[7evt:None entity:(7:pos:(2452,1744,795),dir:(42,-91,0),spd:0]

2021-09-07 11:56:40,187 [ 1] INFO  Unity: MapEntityUpdateRequest:ID:7 Pos:(2452, 1744, 795) Dir:(25, -97, 0) Speed:0
2021-09-07 11:56:40,187 [ 1] INFO  Unity: MapEntityUpdateResponse: Entity:1
[7evt:None entity:(7:pos:(2452,1744,795),dir:(25,-97,0),spd:0]

2021-09-07 11:56:40,287 [ 1] INFO  Unity: MapEntityUpdateRequest:ID:7 Pos:(2452, 1744, 795) Dir:(5, -100, 0) Speed:0
2021-09-07 11:56:40,287 [ 1] INFO  Unity: MapEntityUpdateResponse: Entity:1
[7evt:None entity:(7:pos:(2452,1744,795),dir:(5,-100,0),spd:0]

2021-09-07 11:56:40,372 [ 1] INFO  Unity: MapEntityUpdateRequest:ID:7 Pos:(2452, 1744, 795) Dir:(-13, -99, 0) Speed:0
2021-09-07 11:56:40,372 [ 1] INFO  Unity: MapEntityUpdateResponse: Entity:1
[7evt:None entity:(7:pos:(2452,1744,795),dir:(-13,-99,0),spd:0]

2021-09-07 11:56:40,472 [ 1] INFO  Unity: MapEntityUpdateRequest:ID:7 Pos:(2452, 1744, 795) Dir:(-33, -94, 0) Speed:0
2021-09-07 11:56:40,472 [ 1] INFO  Unity: MapEntityUpdateResponse: Entity:1
[7evt:None entity:(7:pos:(2452,1744,795),dir:(-33,-94,0),spd:0]

2021-09-07 11:56:40,572 [ 1] INFO  Unity: MapEntityUpdateRequest:ID:7 Pos:(2452, 1744, 795) Dir:(-52, -85, 0) Speed:0
2021-09-07 11:56:40,572 [ 1] INFO  Unity: MapEntityUpdateResponse: Entity:1
[7evt:None entity:(7:pos:(2452,1744,795),dir:(-52,-85,0),spd:0]

2021-09-07 11:56:40,671 [ 1] INFO  Unity: MapEntityUpdateRequest:ID:7 Pos:(2452, 1744, 795) Dir:(-68, -73, 0) Speed:0
2021-09-07 11:56:40,671 [ 1] INFO  Unity: MapEntityUpdateResponse: Entity:1
[7evt:None entity:(7:pos:(2452,1744,795),dir:(-68,-73,0),spd:0]

2021-09-07 11:56:40,807 [ 1] INFO  Unity: MapEntityUpdateRequest:ID:7 Pos:(2452, 1744, 795) Dir:(-81, -59, 0) Speed:0
2021-09-07 11:56:40,807 [ 1] INFO  Unity: MapEntityUpdateResponse: Entity:1
[7evt:None entity:(7:pos:(2452,1744,795),dir:(-81,-59,0),spd:0]

2021-09-07 11:56:53,982 [ 1] INFO  Unity: OnMapCharacterLeave:CharID:7
2021-09-07 11:56:53,982 [ 1] INFO  Unity: RemoveCharacter:7
2021-09-07 11:56:53,983 [ 1] INFO  Unity: Character_1006_艾希 OnDestroy :ID:7 POS:(2452, 1744, 795) DIR:(-81, -59, 0) SPD:0 
2021-09-07 11:56:56,434 [ 1] INFO  Unity: LoadLevel: Start
2021-09-07 11:56:56,434 [ 1] INFO  Unity: UserGameLeaveRequest
2021-09-07 11:56:56,468 [ 1] INFO  Unity: OnMapCharacterLeave:CharID:1
2021-09-07 11:56:56,469 [ 1] INFO  Unity: RemoveCharacter:1
2021-09-07 11:56:56,470 [ 1] INFO  Unity: OnLeaveGame:Success [None]
2021-09-07 11:56:56,470 [ 1] INFO  Unity: OnFriendList
2021-09-07 11:56:56,470 [ 1] ERROR Unity: Message handler exception:, , Assembly-CSharp,   at (wrapper managed-to-native) UnityEngine.Component:get_gameObject ()
  at ListView.RemoveAll () [0x00000] in <filename unknown>:0 
  at UIFriends.ClearFriendList () [0x00000] in <filename unknown>:0 
  at UIFriends.RefreshUI () [0x00000] in <filename unknown>:0 
  at Services.FriendService.OnFriendList (System.Object sender, SkillBridge.Message.FriendListResponse message) [0x00000] in <filename unknown>:0 
  at Network.MessageDistributer`1[System.Object].RaiseEvent[FriendListResponse] (System.Object sender, SkillBridge.Message.FriendListResponse msg) [0x00000] in <filename unknown>:0 
2021-09-07 11:56:56,470 [ 1] INFO  Unity: Character_1003_龙王 OnDestroy :ID:1 POS:(2318, 1718, 800) DIR:(-100, -2, 0) SPD:0 
2021-09-07 11:56:56,523 [ 1] INFO  Unity: LevelLoadCompleted:1
2021-09-07 11:57:00,421 [ 1] INFO  Unity: OnDestroy NetworkManager.
2021-09-07 11:57:00,421 [ 1] WARN  Unity: CloseConnection(), errorCode: 1007

