2021-07-22 17:56:08,592 [ 1] INFO  Unity: LoadingManager start
2021-07-22 17:56:08,601 [ 1] INFO  Unity: DataManager > DataManager()
2021-07-22 17:56:28,707 [ 1] INFO  Unity: UserLoginRequest::user :123 psw:123
2021-07-22 17:56:28,709 [ 1] INFO  Unity: ConnectToServer Start
2021-07-22 17:56:28,710 [ 1] INFO  Unity: DoConnect
2021-07-22 17:56:28,711 [ 1] INFO  Unity: NetClient.DoConnect on 127.0.0.1:8000
2021-07-22 17:56:28,713 [ 1] INFO  Unity: Connect[0] to server 127.0.0.1:8000

2021-07-22 17:56:28,715 [ 1] INFO  Unity: LoadingMesager::OnGameServerConnect :0 reason:Success
2021-07-22 17:56:30,922 [ 1] INFO  Unity: OnUserRegister:Success [µ«¬º≥…π¶£¨ª∂”≠¿¥µΩ…˘Œ≈ ¿ΩÁ£°]
2021-07-22 17:56:31,900 [ 1] INFO  Unity: LoadLevel: Start
2021-07-22 17:56:31,994 [ 1] INFO  Unity: LevelLoadCompleted:1
2021-07-22 17:56:33,740 [ 1] INFO  Unity: UserGameEnterRequest::characterId :4
2021-07-22 17:56:33,777 [ 1] INFO  Unity: OnGameEnter:Success [Success!]
2021-07-22 17:56:33,778 [ 1] INFO  Unity: OnMapCharacterEnter:Map:1 Count:1
2021-07-22 17:56:33,780 [ 1] INFO  Unity: AddCharacter:5:‡£‡£‡£ Map:1 Entity:(0:pos:(5000,4000,820),dir:(100,0,0),spd:0
2021-07-22 17:56:33,782 [ 1] INFO  Unity: LoadLevel: MainCity
2021-07-22 17:56:34,106 [ 1] INFO  Unity: LevelLoadCompleted:1
2021-07-22 17:56:34,860 [ 1] INFO  Unity: MoveForward
2021-07-22 17:56:35,383 [ 1] INFO  Unity: SetDirection:(98, 18, 0)
2021-07-22 17:56:35,483 [ 1] INFO  Unity: SetDirection:(93, 36, 0)
2021-07-22 17:56:35,586 [ 1] INFO  Unity: SetDirection:(84, 55, 0)
2021-07-22 17:56:35,635 [ 1] INFO  Unity: Stop
2021-07-22 17:56:35,686 [ 1] INFO  Unity: SetDirection:(71, 71, 0)
2021-07-22 17:56:35,770 [ 1] INFO  Unity: SetDirection:(57, 82, 0)
2021-07-22 17:56:35,872 [ 1] INFO  Unity: SetDirection:(39, 92, 0)
2021-07-22 17:56:35,956 [ 1] INFO  Unity: SetDirection:(22, 97, 0)
2021-07-22 17:56:36,056 [ 1] INFO  Unity: SetDirection:(2, 100, 0)
2021-07-22 17:56:36,141 [ 1] INFO  Unity: SetDirection:(-16, 99, 0)
2021-07-22 17:56:36,242 [ 1] INFO  Unity: SetDirection:(-36, 93, 0)
2021-07-22 17:56:36,343 [ 1] INFO  Unity: SetDirection:(-55, 84, 0)
2021-07-22 17:56:36,444 [ 1] INFO  Unity: SetDirection:(-71, 71, 0)
2021-07-22 17:56:36,461 [ 1] INFO  Unity: MoveForward
2021-07-22 17:56:36,528 [ 1] INFO  Unity: SetDirection:(-82, 57, 0)
2021-07-22 17:56:36,629 [ 1] INFO  Unity: SetDirection:(-92, 39, 0)
2021-07-22 17:56:36,713 [ 1] INFO  Unity: SetDirection:(-98, 19, 0)
2021-07-22 17:56:37,001 [ 1] INFO  Unity: SetDirection:(-93, 36, 0)
2021-07-22 17:56:37,101 [ 1] INFO  Unity: SetDirection:(-85, 53, 0)
2021-07-22 17:56:37,186 [ 1] INFO  Unity: SetDirection:(-74, 67, 0)
2021-07-22 17:56:37,270 [ 1] INFO  Unity: Stop
2021-07-22 17:56:37,271 [ 1] INFO  Unity: SetDirection:(-61, 79, 0)
2021-07-22 17:56:37,371 [ 1] INFO  Unity: SetDirection:(-44, 90, 0)
2021-07-22 17:56:37,506 [ 1] INFO  Unity: SetDirection:(-26, 96, 0)
2021-07-22 17:56:37,910 [ 1] INFO  Unity: SetDirection:(-8, 100, 0)
2021-07-22 17:56:38,029 [ 1] INFO  Unity: SetDirection:(11, 99, 0)
2021-07-22 17:56:38,130 [ 1] INFO  Unity: SetDirection:(31, 95, 0)
2021-07-22 17:56:38,230 [ 1] INFO  Unity: SetDirection:(50, 87, 0)
2021-07-22 17:56:38,315 [ 1] INFO  Unity: SetDirection:(64, 77, 0)
2021-07-22 17:56:38,400 [ 1] INFO  Unity: SetDirection:(77, 64, 0)
2021-07-22 17:56:38,500 [ 1] INFO  Unity: SetDirection:(88, 47, 0)
2021-07-22 17:56:38,585 [ 1] INFO  Unity: SetDirection:(95, 31, 0)
2021-07-22 17:56:38,651 [ 1] INFO  Unity: SetDirection:(99, 14, 0)
2021-07-22 17:56:38,736 [ 1] INFO  Unity: SetDirection:(100, -3, 0)
2021-07-22 17:56:38,820 [ 1] INFO  Unity: SetDirection:(98, -21, 0)
2021-07-22 17:56:38,922 [ 1] INFO  Unity: SetDirection:(91, -41, 0)
2021-07-22 17:56:39,022 [ 1] INFO  Unity: SetDirection:(81, -59, 0)
2021-07-22 17:56:39,124 [ 1] INFO  Unity: SetDirection:(67, -74, 0)
2021-07-22 17:56:39,207 [ 1] INFO  Unity: SetDirection:(53, -85, 0)
2021-07-22 17:56:39,308 [ 1] INFO  Unity: SetDirection:(34, -94, 0)
2021-07-22 17:56:39,410 [ 1] INFO  Unity: SetDirection:(14, -99, 0)
2021-07-22 17:56:39,494 [ 1] INFO  Unity: SetDirection:(-3, -100, 0)
2021-07-22 17:56:39,579 [ 1] INFO  Unity: SetDirection:(-21, -98, 0)
2021-07-22 17:56:39,679 [ 1] INFO  Unity: SetDirection:(-41, -91, 0)
2021-07-22 17:56:39,780 [ 1] INFO  Unity: SetDirection:(-59, -81, 0)
2021-07-22 17:56:39,882 [ 1] INFO  Unity: SetDirection:(-74, -67, 0)
2021-07-22 17:56:39,966 [ 1] INFO  Unity: SetDirection:(-85, -53, 0)
2021-07-22 17:56:40,067 [ 1] INFO  Unity: SetDirection:(-94, -34, 0)
2021-07-22 17:56:40,168 [ 1] INFO  Unity: SetDirection:(-99, -14, 0)
2021-07-22 17:56:40,252 [ 1] INFO  Unity: SetDirection:(-100, 3, 0)
2021-07-22 17:56:40,337 [ 1] INFO  Unity: SetDirection:(-98, 21, 0)
2021-07-22 17:56:40,437 [ 1] INFO  Unity: SetDirection:(-91, 41, 0)
2021-07-22 17:56:40,526 [ 1] INFO  Unity: SetDirection:(-81, 59, 0)
2021-07-22 17:56:40,561 [ 1] INFO  Unity: MoveForward
2021-07-22 17:56:40,628 [ 1] INFO  Unity: SetDirection:(-67, 74, 0)
2021-07-22 17:56:40,729 [ 1] INFO  Unity: SetDirection:(-53, 85, 0)
2021-07-22 17:56:42,600 [ 1] INFO  Unity: SetPosition:(4671, 4636, 795)
2021-07-22 17:56:42,986 [ 1] INFO  Unity: SetDirection:(-67, 74, 0)
2021-07-22 17:56:43,138 [ 1] INFO  Unity: SetDirection:(-80, 61, 0)
2021-07-22 17:56:43,762 [ 1] INFO  Unity: SetDirection:(-89, 46, 0)
2021-07-22 17:56:44,689 [ 1] INFO  Unity: Stop
2021-07-22 17:56:45,343 [ 1] INFO  Unity: Character_5_‡£‡£‡£ OnDestroy :ID:0 POS:(4203, 4988, 795) DIR:(-89, 46, 0) SPD:0 
2021-07-22 17:56:45,345 [ 1] INFO  Unity: OnDestroy NetworkManager.
2021-07-22 17:56:45,346 [ 1] WARN  Unity: CloseConnection(), errorCode: 1007
UnityEngine.Debug:LogWarning(Object)
Network.NetClient:CloseConnection(Int32) (at Assets/Scripts/Network/NetClient.cs:180)
Network.NetClient:OnDestroy() (at Assets/Scripts/Network/NetClient.cs:175)

